<h2>ZF-1441: Zend_Gdata_AppTest failing</h2>

<dl class="metadata">
    <dt>Issue Type:</dt>
    <dd>Unit Tests: Problem</dd>

    <dt>Created:</dt>
    <dd>2007-05-28T11:07:17.000+0000</dd>

    <dt>Last Updated:</dt>
    <dd>2007-07-05T14:44:13.000+0000</dd>

    <dt>Status:</dt>
    <dd>Resolved</dd>

    <dt>Fix version(s):</dt>
    <dd><ul>        <li>1.0.0 RC2 (08/Jun/07)</li>
    </ul></dd>

    <dt>Reporter:</dt>
    <dd>
        None
                    </dd>

    <dt>Assignee:</dt>
    <dd>
                Ryan Boyd (rboyd)
            </dd>

    <dt>Tags:</dt>
    <dd><ul>        <li>Zend_Gdata</li>
        </ul></dd>

    <dt>Related issues:</dt>
    <dd><ul>
        <li><a href="/issues/browse/ZF-1445">ZF-1445</a></li>
        </ul></dd>

    <dt>Attachments:</dt>
    <dd><ul>
    </ul></dd>
</dl>

<div class="description">
    <h3>Description</h3>

    <div class="body">
        <p>1) testImportFile(Zend_Gdata_AppTest)
Zend_Gdata_App_Exception: File could not be loaded: file_get_contents(Zend/Gdata/App/_files/FeedSample1.xml): failed to open stream: No such fil
e or directory
/home/sebastian/Work/ZendFramework/tests/Zend/Gdata/AppTest.php:39</p>

    </div>
</div>

<div class="comments">
    <h3>Comments</h3>

    <div class="comment">
        <p class="metadata">Posted by Bill Karwin (bkarwin) on 2007-05-28T12:12:55.000+0000</p> 
        <div class="body">
            <p>This should be fixed as of the svn revision 5036.  Sebastian, can you svn update and confirm the results?</p>

        </div>
    </div>
        <div class="comment">
        <p class="metadata">Posted by Sebastian Nohn (nohn) on 2007-05-28T12:29:24.000+0000</p> 
        <div class="body">
            <p>Sorry, not fixed (SVN rev 5040)</p>

<p>The _files directory is completely missing:</p>

<p>$ ls library/Zend/Gdata/App -la
total 96
drwxr-xr-x 4 sebastian users  4096 2007-05-28 18:06 .
drwxr-xr-x 7 sebastian users  4096 2007-05-28 18:06 ..
-rw-r--r-- 1 sebastian users  1148 2007-05-28 18:06 AuthException.php
-rw-r--r-- 1 sebastian users  1165 2007-05-28 18:06 BadMethodCallException.php
-rw-r--r-- 1 sebastian users 11622 2007-05-28 18:06 Base.php
-rw-r--r-- 1 sebastian users 10776 2007-05-28 18:06 Entry.php
-rw-r--r-- 1 sebastian users  1123 2007-05-28 18:06 Exception.php
drwxr-xr-x 3 sebastian users  4096 2007-05-28 18:06 Extension
-rw-r--r-- 1 sebastian users   829 2007-05-28 18:06 Extension.php
-rw-r--r-- 1 sebastian users 12058 2007-05-28 18:06 FeedEntryParent.php
-rw-r--r-- 1 sebastian users  6063 2007-05-28 18:06 Feed.php
-rw-r--r-- 1 sebastian users  6630 2007-05-28 18:06 FeedSourceParent.php
-rw-r--r-- 1 sebastian users  1953 2007-05-28 18:06 HttpException.php
-rw-r--r-- 1 sebastian users  1159 2007-05-28 18:06 InvalidArgumentException.php
drwxr-xr-x 6 sebastian users  4096 2007-05-28 19:33 .svn
-rw-r--r-- 1 sebastian users  1683 2007-05-28 18:06 Util.php</p>

        </div>
    </div>
        <div class="comment">
        <p class="metadata">Posted by Bill Karwin (bkarwin) on 2007-05-28T13:55:41.000+0000</p> 
        <div class="body">
            <p><a href="http://framework.zend.com/fisheye/browse/Zend_Framework/trunk/tests/Zend/Gdata/App/_files">http://framework.zend.com/fisheye/browse/…</a></p>

<p>The Fisheye link above shows that the _files directory exists, and files under it were checked in by revision 5036.</p>

        </div>
    </div>
        <div class="comment">
        <p class="metadata">Posted by Sebastian Nohn (nohn) on 2007-05-29T01:02:34.000+0000</p> 
        <div class="body">
            <p>Ah. I was looking under library/Zend/Gdata/....</p>

<p>However, the test still fail with SVN rev 5042:</p>

<p>1) testImportFile(Zend_Gdata_AppTest)
Zend_Gdata_App_Exception: File could not be loaded: file_get_contents(Zend/Gdata
/App/_files/FeedSample1.xml): failed to open stream: No such file or directory
/home/sebastian/Work/ZendFramework/tests/Zend/Gdata/AppTest.php:39</p>

<p>There are also some warnings during test execution:</p>

<p>Warning: file_get_contents(Zend/Gdata/Spreadsheets/_files/TestDataSpreadsheetFeedSample1.xml): failed to open stream: No such file or directory in /home/sebastian/Work/ZendF
ramework/tests/Zend/Gdata/Spreadsheets/SpreadsheetFeedTest.php on line 35</p>

<p>Call Stack:
    0.0002      53048   1. {main}() /opt/php/bin/phpunit:0
    0.0313     168772   2. require('/opt/php/lib/php/PHPUnit/TextUI/Command.php') /opt/php/bin/phpunit:44
    0.2228    2696028   3. PHPUnit_TextUI_Command::main() /opt/php/lib/php/PHPUnit/TextUI/Command.php:401
    6.0813   58475308   4. PHPUnit_TextUI_TestRunner-&gt;doRun() /opt/php/lib/php/PHPUnit/TextUI/Command.php:100
    6.0815   58476216   5. PHPUnit_Framework_TestSuite-&gt;run() /opt/php/lib/php/PHPUnit/TextUI/TestRunner.php:247
    6.0816   58476216   6. PHPUnit_Framework_TestSuite-&gt;run() /opt/php/lib/php/PHPUnit/Framework/TestSuite.php:478
   31.2594   67564760   7. PHPUnit_Framework_TestSuite-&gt;run() /opt/php/lib/php/PHPUnit/Framework/TestSuite.php:478
   31.3626   67770948   8. PHPUnit_Framework_TestSuite-&gt;run() /opt/php/lib/php/PHPUnit/Framework/TestSuite.php:478
   31.3627   67770948   9. PHPUnit_Framework_TestSuite-&gt;runTest() /opt/php/lib/php/PHPUnit/Framework/TestSuite.php:491
   31.3627   67770948  10. PHPUnit_Framework_TestCase-&gt;run() /opt/php/lib/php/PHPUnit/Framework/TestSuite.php:510
   31.3627   67770948  11. PHPUnit_Framework_TestResult-&gt;run() /opt/php/lib/php/PHPUnit/Framework/TestCase.php:223
   31.3628   67770948  12. PHPUnit_Framework_TestCase-&gt;runBare() /opt/php/lib/php/PHPUnit/Framework/TestResult.php:529
   31.3628   67770948  13. Zend_Gdata_Spreadsheets_SpreadsheetFeedTest-&gt;setUp() /opt/php/lib/php/PHPUnit/Framework/TestCase.php:239
   31.3628   67771716  14. file_get_contents() /home/sebastian/Work/ZendFramework/tests/Zend/Gdata/Spreadsheets/SpreadsheetFeedTest.php:35</p>

<p>Warning: file_get_contents(Zend/Gdata/Spreadsheets/_files/TestDataWorksheetFeedSample1.xml): failed to open stream: No such file or directory in /home/sebastian/Work/ZendFra
mework/tests/Zend/Gdata/Spreadsheets/WorksheetFeedTest.php on line 35</p>

<p>Call Stack:
    0.0002      53048   1. {main}() /opt/php/bin/phpunit:0
    0.0313     168772   2. require('/opt/php/lib/php/PHPUnit/TextUI/Command.php') /opt/php/bin/phpunit:44
    0.2228    2696028   3. PHPUnit_TextUI_Command::main() /opt/php/lib/php/PHPUnit/TextUI/Command.php:401
    6.0813   58475308   4. PHPUnit_TextUI_TestRunner-&gt;doRun() /opt/php/lib/php/PHPUnit/TextUI/Command.php:100
    6.0815   58476216   5. PHPUnit_Framework_TestSuite-&gt;run() /opt/php/lib/php/PHPUnit/TextUI/TestRunner.php:247
    6.0816   58476216   6. PHPUnit_Framework_TestSuite-&gt;run() /opt/php/lib/php/PHPUnit/Framework/TestSuite.php:478
   31.2594   67564760   7. PHPUnit_Framework_TestSuite-&gt;run() /opt/php/lib/php/PHPUnit/Framework/TestSuite.php:478
   31.3638   67775944   8. PHPUnit_Framework_TestSuite-&gt;run() /opt/php/lib/php/PHPUnit/Framework/TestSuite.php:478
   31.3639   67775944   9. PHPUnit_Framework_TestSuite-&gt;runTest() /opt/php/lib/php/PHPUnit/Framework/TestSuite.php:491
   31.3639   67775944  10. PHPUnit_Framework_TestCase-&gt;run() /opt/php/lib/php/PHPUnit/Framework/TestSuite.php:510
   31.3639   67775944  11. PHPUnit_Framework_TestResult-&gt;run() /opt/php/lib/php/PHPUnit/Framework/TestCase.php:223
   31.3640   67775944  12. PHPUnit_Framework_TestCase-&gt;runBare() /opt/php/lib/php/PHPUnit/Framework/TestResult.php:529
   31.3640   67775944  13. Zend_Gdata_Spreadsheets_WorksheetFeedTest-&gt;setUp() /opt/php/lib/php/PHPUnit/Framework/TestCase.php:239
   31.3640   67776988  14. file_get_contents() /home/sebastian/Work/ZendFramework/tests/Zend/Gdata/Spreadsheets/WorksheetFeedTest.php:35</p>

<p>Warning: file_get_contents(Zend/Gdata/Spreadsheets/_files/TestDataCellFeedSample1.xml): failed to open stream: No such file or directory in /home/sebastian/Work/ZendFramewor
k/tests/Zend/Gdata/Spreadsheets/CellFeedTest.php on line 35</p>

<p>Call Stack:
    0.0002      53048   1. {main}() /opt/php/bin/phpunit:0
    0.0313     168772   2. require('/opt/php/lib/php/PHPUnit/TextUI/Command.php') /opt/php/bin/phpunit:44
    0.2228    2696028   3. PHPUnit_TextUI_Command::main() /opt/php/lib/php/PHPUnit/TextUI/Command.php:401
    6.0813   58475308   4. PHPUnit_TextUI_TestRunner-&gt;doRun() /opt/php/lib/php/PHPUnit/TextUI/Command.php:100
    6.0815   58476216   5. PHPUnit_Framework_TestSuite-&gt;run() /opt/php/lib/php/PHPUnit/TextUI/TestRunner.php:247
    6.0816   58476216   6. PHPUnit_Framework_TestSuite-&gt;run() /opt/php/lib/php/PHPUnit/Framework/TestSuite.php:478
   31.2594   67564760   7. PHPUnit_Framework_TestSuite-&gt;run() /opt/php/lib/php/PHPUnit/Framework/TestSuite.php:478
   31.3650   67780984   8. PHPUnit_Framework_TestSuite-&gt;run() /opt/php/lib/php/PHPUnit/Framework/TestSuite.php:478
   31.3650   67780984   9. PHPUnit_Framework_TestSuite-&gt;runTest() /opt/php/lib/php/PHPUnit/Framework/TestSuite.php:491
   31.3650   67780984  10. PHPUnit_Framework_TestCase-&gt;run() /opt/php/lib/php/PHPUnit/Framework/TestSuite.php:510
   31.3650   67780984  11. PHPUnit_Framework_TestResult-&gt;run() /opt/php/lib/php/PHPUnit/Framework/TestCase.php:223
   31.3651   67780984  12. PHPUnit_Framework_TestCase-&gt;runBare() /opt/php/lib/php/PHPUnit/Framework/TestResult.php:529
   31.3651   67780984  13. Zend_Gdata_Spreadsheets_CellFeedTest-&gt;setUp() /opt/php/lib/php/PHPUnit/Framework/TestCase.php:239
   31.3651   67781896  14. file_get_contents() /home/sebastian/Work/ZendFramework/tests/Zend/Gdata/Spreadsheets/CellFeedTest.php:35</p>

<p>Warning: file_get_contents(Zend/Gdata/Spreadsheets/_files/TestDataCellFeedSample1.xml): failed to open stream: No such file or directory in /home/sebastian/Work/ZendFramewor
k/tests/Zend/Gdata/Spreadsheets/CellFeedTest.php on line 35</p>

<p>Call Stack:
    0.0002      53048   1. {main}() /opt/php/bin/phpunit:0
    0.0313     168772   2. require('/opt/php/lib/php/PHPUnit/TextUI/Command.php') /opt/php/bin/phpunit:44
    0.2228    2696028   3. PHPUnit_TextUI_Command::main() /opt/php/lib/php/PHPUnit/TextUI/Command.php:401
    6.0813   58475308   4. PHPUnit_TextUI_TestRunner-&gt;doRun() /opt/php/lib/php/PHPUnit/TextUI/Command.php:100
    6.0815   58476216   5. PHPUnit_Framework_TestSuite-&gt;run() /opt/php/lib/php/PHPUnit/TextUI/TestRunner.php:247
    6.0816   58476216   6. PHPUnit_Framework_TestSuite-&gt;run() /opt/php/lib/php/PHPUnit/Framework/TestSuite.php:478
   31.2594   67564760   7. PHPUnit_Framework_TestSuite-&gt;run() /opt/php/lib/php/PHPUnit/Framework/TestSuite.php:478
   31.3650   67780984   8. PHPUnit_Framework_TestSuite-&gt;run() /opt/php/lib/php/PHPUnit/Framework/TestSuite.php:478
   31.3665   67829128   9. PHPUnit_Framework_TestSuite-&gt;runTest() /opt/php/lib/php/PHPUnit/Framework/TestSuite.php:491
   31.3665   67829128  10. PHPUnit_Framework_TestCase-&gt;run() /opt/php/lib/php/PHPUnit/Framework/TestSuite.php:510
   31.3665   67829128  11. PHPUnit_Framework_TestResult-&gt;run() /opt/php/lib/php/PHPUnit/Framework/TestCase.php:223
   31.3666   67829348  12. PHPUnit_Framework_TestCase-&gt;runBare() /opt/php/lib/php/PHPUnit/Framework/TestResult.php:529
   31.3666   67829348  13. Zend_Gdata_Spreadsheets_CellFeedTest-&gt;setUp() /opt/php/lib/php/PHPUnit/Framework/TestCase.php:239
   31.3666   67830952  14. file_get_contents() /home/sebastian/Work/ZendFramework/tests/Zend/Gdata/Spreadsheets/CellFeedTest.php:35</p>

<p>Warning: file_get_contents(Zend/Gdata/Spreadsheets/_files/TestDataListFeedSample1.xml): failed to open stream: No such file or directory in /home/sebastian/Work/ZendFramewor
k/tests/Zend/Gdata/Spreadsheets/ListFeedTest.php on line 35</p>

<p>Call Stack:
    0.0002      53048   1. {main}() /opt/php/bin/phpunit:0
    0.0313     168772   2. require('/opt/php/lib/php/PHPUnit/TextUI/Command.php') /opt/php/bin/phpunit:44
    0.2228    2696028   3. PHPUnit_TextUI_Command::main() /opt/php/lib/php/PHPUnit/TextUI/Command.php:401
    6.0813   58475308   4. PHPUnit_TextUI_TestRunner-&gt;doRun() /opt/php/lib/php/PHPUnit/TextUI/Command.php:100
    6.0815   58476216   5. PHPUnit_Framework_TestSuite-&gt;run() /opt/php/lib/php/PHPUnit/TextUI/TestRunner.php:247
    6.0816   58476216   6. PHPUnit_Framework_TestSuite-&gt;run() /opt/php/lib/php/PHPUnit/Framework/TestSuite.php:478
   31.2594   67564760   7. PHPUnit_Framework_TestSuite-&gt;run() /opt/php/lib/php/PHPUnit/Framework/TestSuite.php:478
   31.3674   67835852   8. PHPUnit_Framework_TestSuite-&gt;run() /opt/php/lib/php/PHPUnit/Framework/TestSuite.php:478
   31.3675   67835852   9. PHPUnit_Framework_TestSuite-&gt;runTest() /opt/php/lib/php/PHPUnit/Framework/TestSuite.php:491
   31.3675   67835852  10. PHPUnit_Framework_TestCase-&gt;run() /opt/php/lib/php/PHPUnit/Framework/TestSuite.php:510
   31.3675   67835852  11. PHPUnit_Framework_TestResult-&gt;run() /opt/php/lib/php/PHPUnit/Framework/TestCase.php:223
   31.3676   67835888  12. PHPUnit_Framework_TestCase-&gt;runBare() /opt/php/lib/php/PHPUnit/Framework/TestResult.php:529
   31.3676   67835888  13. Zend_Gdata_Spreadsheets_ListFeedTest-&gt;setUp() /opt/php/lib/php/PHPUnit/Framework/TestCase.php:239
   31.3676   67838112  14. file_get_contents() /home/sebastian/Work/ZendFramework/tests/Zend/Gdata/Spreadsheets/ListFeedTest.php:35</p>

        </div>
    </div>
        <div class="comment">
        <p class="metadata">Posted by Bill Karwin (bkarwin) on 2007-05-29T20:09:06.000+0000</p> 
        <div class="body">
            <p>Your errors indicate that four files are missing under tests/Zend/Gdata/Spreadsheets/_files:</p>

<ul><li>TestDataCellFeedSample1.xml</li>
<li>TestDataListFeedSample1.xml</li>
<li>TestDataSpreadsheetFeedSample1.xml</li>
<li>TestDataWorksheetFeedSample1.xml</li>
</ul><p>However, the files do exist, as seen in this fisheye link:
<a href="http://framework.zend.com/fisheye/browse/Zend_Framework/trunk/tests/Zend/Gdata/Spreadsheets/_files">http://framework.zend.com/fisheye/browse/…</a></p>

<p>They were added in revision 5025.</p>

        </div>
    </div>
        <div class="comment">
        <p class="metadata">Posted by Sebastian Nohn (nohn) on 2007-05-30T01:06:38.000+0000</p> 
        <div class="body">
            <p>$ svn up
At revision 5056.
$ ls -la tests/Zend/Gdata/Spreadsheets/_files
total 28
drwxr-xr-x 3 sebastian users 4096 2007-05-28 18:06 .
drwxr-xr-x 4 sebastian users 4096 2007-05-28 18:06 ..
drwxr-xr-x 6 sebastian users 4096 2007-05-30 07:57 .svn
-rw-r--r-- 1 sebastian users 2559 2007-05-28 18:06 TestDataCellFeedSample1.xml
-rw-r--r-- 1 sebastian users 2766 2007-05-28 18:06 TestDataListFeedSample1.xml
-rw-r--r-- 1 sebastian users 1782 2007-05-28 18:06 TestDataSpreadsheetFeedSample1.xml
-rw-r--r-- 1 sebastian users 1806 2007-05-28 18:06 TestDataWorksheetFeedSample1.xml
$ phpunit -d include_path=.:library/:incubator/library/:tests/:/opt/php/lib/php AllTests tests/AllTests.php</p>

<p>[....]</p>

<p>There were 2 errors:</p>

<p>1) testImportFile(Zend_Gdata_AppTest)
Zend_Gdata_App_Exception: File could not be loaded: file_get_contents(Zend/Gdata/App/_files/FeedSample1.xml): failed to open stream: No such file or directory
/home/sebastian/Work/ZendFramework/tests/Zend/Gdata/AppTest.php:39</p>

<p>[...]</p>

<p>There were 3 failures:</p>

<p>1) testToAndFromString(Zend_Gdata_Spreadsheets_CellFeedTest)
Failed asserting that  is identical to .
/home/sebastian/Work/ZendFramework/tests/Zend/Gdata/Spreadsheets/CellFeedTest.ph   p:46</p>

<p>[....]</p>

<p>However, these tests pass, if the testsuite is executed under the tests directory:</p>

<p>$ phpunit -d include_path=../:../library/:../incubator/library/:/opt/php/lib/php AllTests AllTests.php</p>

<p>Which I think is because file_get_contents() is not determining the current path correctly</p>

        </div>
    </div>
        <div class="comment">
        <p class="metadata">Posted by Ryan Boyd (rboyd) on 2007-06-04T20:54:03.000+0000</p> 
        <div class="body">
            <p>Yep, testImportFile() is testing Zend_Gdata_App::importFile, which does not pass the boolean argument to file_get_contents to indicate that the include path should be searched.</p>

<p>I'm not quite sure whether Zend_Gdata_App::importFile should search the include path -- I tend to think that it shouldn't .  Nonetheless, the tests should surely pass :) -- so, I'm trying to think of a way to solve this.</p>

<p>Is there a function which searches the include path for a particular file and returns the file location?  I could use the output of that function in testImportFile() as the input to Zend_Gdata_App::importFile</p>

<p>Cheers,
-Ryan</p>

        </div>
    </div>
        <div class="comment">
        <p class="metadata">Posted by Trevor Johns (tjohns) on 2007-06-06T20:44:53.000+0000</p> 
        <div class="body">
            <p>bq. Is there a function which searches the include path for a particular file and returns the file location? I could use the output of that function in testImportFile() as the input to Zend_Gdata_App::importFile</p>

<p>There's {{stream_resolve_include_path()}}, but that won't be available until PHP 6 is released. You could request the include path from PHP and check each directory for the file, but that's really a hack.</p>

<p>A more elegant solution would be to add an optional third parameter to {{importFile()}} that tells it to use the include path, then just pass that parameter on to {{file_get_contents()}}. That's how most of PHP's built in file handling functions address this.</p>

        </div>
    </div>
        <div class="comment">
        <p class="metadata">Posted by Ryan Boyd (rboyd) on 2007-06-09T16:31:23.000+0000</p> 
        <div class="body">
            <p>Fixed in SVN commit 5162.</p>

<p>Updated Zend_Gdata_App::importFile to accept an argument as to whether to search the include path for the file specified.  Also, updated the AppTest::testImportFile to pass 'true' for the new parameter, indicating the include path should be searched for the specified file.</p>

        </div>
    </div>
    </div>

